#-----------------------------------------------------------
# Vivado v2019.2 (64-bit)
# SW Build 2708876 on Wed Nov  6 21:40:23 MST 2019
# IP Build 2700528 on Thu Nov  7 00:09:20 MST 2019
# Start of session at: Tue Jan 10 11:21:52 2023
# Process ID: 9828
# Current directory: C:/Users/Tarun/Documents/School 3/DSD/FPGA project Snake game/Project_snake_game_Singh_Tarun
# Command line: vivado.exe -gui_launcher_event rodinguilauncherevent18488 C:\Users\Tarun\Documents\School 3\DSD\FPGA project Snake game\Project_snake_game_Singh_Tarun\Project_snake_game_Singh_Tarun.xpr
# Log file: C:/Users/Tarun/Documents/School 3/DSD/FPGA project Snake game/Project_snake_game_Singh_Tarun/vivado.log
# Journal file: C:/Users/Tarun/Documents/School 3/DSD/FPGA project Snake game/Project_snake_game_Singh_Tarun\vivado.jou
#-----------------------------------------------------------
start_gui
open_project {C:/Users/Tarun/Documents/School 3/DSD/FPGA project Snake game/Project_snake_game_Singh_Tarun/Project_snake_game_Singh_Tarun.xpr}
INFO: [ProjectBase 1-489] The host OS only allows 260 characters in a normal path. The project is stored in a path with more than 80 characters. If you experience issues with IP, Block Designs, or files not being found, please consider moving the project to a location with a shorter path. Alternately consider using the OS subst command to map part of the path to a drive letter.
Current project path is 'C:/Users/Tarun/Documents/School 3/DSD/FPGA project Snake game/Project_snake_game_Singh_Tarun'
Scanning sources...
Finished scanning sources
INFO: [IP_Flow 19-234] Refreshing IP repositories
INFO: [IP_Flow 19-1704] No user IP repositories specified
INFO: [IP_Flow 19-2313] Loaded Vivado IP repository 'C:/Xilinx/Vivado/2019.2/data/ip'.
open_project: Time (s): cpu = 00:00:06 ; elapsed = 00:00:06 . Memory (MB): peak = 1004.188 ; gain = 334.676
update_compile_order -fileset sources_1
exit
INFO: [Common 17-206] Exiting Vivado at Tue Jan 10 11:27:33 2023...
